# JRE version: Java(TM) SE Runtime Environment (21.0.8+12) (build 21.0.8+12-LTS-250)
# Java VM: Java HotSpot(TM) 64-Bit Server VM (21.0.8+12-LTS-250, mixed mode, sharing, tiered, compressed oops, compressed class ptrs, g1 gc, windows-amd64)
GC Precious Log:
 CardTable entry size: 512
 Card Set container configuration: InlinePtr #cards 4 size 8 Array Of Cards #cards 32 size 80 Howl #buckets 8 coarsen threshold 7372 Howl Bitmap #cards 1024 size 144 coarsen threshold 921 Card regions per heap region 1 cards per card region 8192
 CPUs: 8 total, 8 available
 Memory: 32325M
 Large Page Support: Disabled
 NUMA Support: Disabled
 Compressed Oops: Enabled (Zero based)
 Heap Region Size: 4M
 Heap Min Capacity: 8M
 Heap Initial Capacity: 508M
 Heap Max Capacity: 8084M
 Pre-touch: Disabled
 Parallel Workers: 8
 Concurrent Workers: 2
 Concurrent Refinement Workers: 8
 Periodic GC: Disabled
Heap:
 garbage-first heap   total 122880K, used 55609K [0x0000000606c00000, 0x0000000800000000)
  region size 4096K, 5 young (20480K), 1 survivors (4096K)
 Metaspace       used 100024K, committed 101120K, reserved 1179648K
  class space    used 12822K, committed 13376K, reserved 1048576K
GC Heap History (20 events):
Event: 7666.995 GC heap before
{Heap before GC invocations=16 (full 0):
 garbage-first heap   total 122880K, used 103361K [0x0000000606c00000, 0x0000000800000000)
  region size 4096K, 15 young (61440K), 2 survivors (8192K)
 Metaspace       used 99005K, committed 99968K, reserved 1179648K
  class space    used 12927K, committed 13376K, reserved 1048576K
}
Event: 7667.010 GC heap after
{Heap after GC invocations=17 (full 0):
 garbage-first heap   total 122880K, used 51331K [0x0000000606c00000, 0x0000000800000000)
  region size 4096K, 1 young (4096K), 1 survivors (4096K)
 Metaspace       used 99005K, committed 99968K, reserved 1179648K
  class space    used 12927K, committed 13376K, reserved 1048576K
}
Event: 13853.746 GC heap before
{Heap before GC invocations=18 (full 0):
 garbage-first heap   total 122880K, used 108675K [0x0000000606c00000, 0x0000000800000000)
  region size 4096K, 15 young (61440K), 1 survivors (4096K)
 Metaspace       used 99260K, committed 100160K, reserved 1179648K
  class space    used 12943K, committed 13376K, reserved 1048576K
}
Event: 13853.751 GC heap after
{Heap after GC invocations=19 (full 0):
 garbage-first heap   total 122880K, used 50745K [0x0000000606c00000, 0x0000000800000000)
  region size 4096K, 1 young (4096K), 1 survivors (4096K)
 Metaspace       used 99260K, committed 100160K, reserved 1179648K
  class space    used 12943K, committed 13376K, reserved 1048576K
}
Event: 56110.868 GC heap before
{Heap before GC invocations=19 (full 0):
 garbage-first heap   total 122880K, used 103993K [0x0000000606c00000, 0x0000000800000000)
  region size 4096K, 15 young (61440K), 1 survivors (4096K)
 Metaspace       used 99601K, committed 100544K, reserved 1179648K
  class space    used 12947K, committed 13376K, reserved 1048576K
}
Event: 56110.887 GC heap after
{Heap after GC invocations=20 (full 0):
 garbage-first heap   total 122880K, used 49718K [0x0000000606c00000, 0x0000000800000000)
  region size 4096K, 1 young (4096K), 1 survivors (4096K)
 Metaspace       used 99601K, committed 100544K, reserved 1179648K
  class space    used 12947K, committed 13376K, reserved 1048576K
}
Event: 62482.761 GC heap before
{Heap before GC invocations=20 (full 0):
 garbage-first heap   total 122880K, used 107062K [0x0000000606c00000, 0x0000000800000000)
  region size 4096K, 15 young (61440K), 1 survivors (4096K)
 Metaspace       used 99800K, committed 100736K, reserved 1179648K
  class space    used 12948K, committed 13376K, reserved 1048576K
}
Event: 62482.772 GC heap after
{Heap after GC invocations=21 (full 0):
 garbage-first heap   total 122880K, used 49811K [0x0000000606c00000, 0x0000000800000000)
  region size 4096K, 1 young (4096K), 1 survivors (4096K)
 Metaspace       used 99800K, committed 100736K, reserved 1179648K
  class space    used 12948K, committed 13376K, reserved 1048576K
}
Event: 69140.761 GC heap before
{Heap before GC invocations=21 (full 0):
 garbage-first heap   total 122880K, used 107155K [0x0000000606c00000, 0x0000000800000000)
  region size 4096K, 15 young (61440K), 1 survivors (4096K)
 Metaspace       used 99902K, committed 100864K, reserved 1179648K
  class space    used 12949K, committed 13376K, reserved 1048576K
}
Event: 69140.781 GC heap after
{Heap after GC invocations=22 (full 0):
 garbage-first heap   total 122880K, used 49847K [0x0000000606c00000, 0x0000000800000000)
  region size 4096K, 1 young (4096K), 1 survivors (4096K)
 Metaspace       used 99902K, committed 100864K, reserved 1179648K
  class space    used 12949K, committed 13376K, reserved 1048576K
}
Event: 90039.660 GC heap before
{Heap before GC invocations=23 (full 0):
 garbage-first heap   total 122880K, used 107191K [0x0000000606c00000, 0x0000000800000000)
  region size 4096K, 15 young (61440K), 1 survivors (4096K)
 Metaspace       used 99603K, committed 100928K, reserved 1179648K
  class space    used 12820K, committed 13376K, reserved 1048576K
}
Event: 90039.672 GC heap after
{Heap after GC invocations=24 (full 0):
 garbage-first heap   total 122880K, used 49899K [0x0000000606c00000, 0x0000000800000000)
  region size 4096K, 1 young (4096K), 1 survivors (4096K)
 Metaspace       used 99603K, committed 100928K, reserved 1179648K
  class space    used 12820K, committed 13376K, reserved 1048576K
}
Event: 97066.168 GC heap before
{Heap before GC invocations=24 (full 0):
 garbage-first heap   total 122880K, used 107243K [0x0000000606c00000, 0x0000000800000000)
  region size 4096K, 15 young (61440K), 1 survivors (4096K)
 Metaspace       used 99671K, committed 100928K, reserved 1179648K
  class space    used 12821K, committed 13376K, reserved 1048576K
}
Event: 97066.195 GC heap after
{Heap after GC invocations=25 (full 0):
 garbage-first heap   total 122880K, used 44656K [0x0000000606c00000, 0x0000000800000000)
  region size 4096K, 1 young (4096K), 1 survivors (4096K)
 Metaspace       used 99671K, committed 100928K, reserved 1179648K
  class space    used 12821K, committed 13376K, reserved 1048576K
}
Event: 104055.647 GC heap before
{Heap before GC invocations=25 (full 0):
 garbage-first heap   total 122880K, used 106096K [0x0000000606c00000, 0x0000000800000000)
  region size 4096K, 16 young (65536K), 1 survivors (4096K)
 Metaspace       used 99851K, committed 101056K, reserved 1179648K
  class space    used 12821K, committed 13376K, reserved 1048576K
}
Event: 104055.676 GC heap after
{Heap after GC invocations=26 (full 0):
 garbage-first heap   total 122880K, used 43426K [0x0000000606c00000, 0x0000000800000000)
  region size 4096K, 1 young (4096K), 1 survivors (4096K)
 Metaspace       used 99851K, committed 101056K, reserved 1179648K
  class space    used 12821K, committed 13376K, reserved 1048576K
}
Event: 111676.903 GC heap before
{Heap before GC invocations=26 (full 0):
 garbage-first heap   total 122880K, used 104866K [0x0000000606c00000, 0x0000000800000000)
  region size 4096K, 16 young (65536K), 1 survivors (4096K)
 Metaspace       used 99950K, committed 101056K, reserved 1179648K
  class space    used 12821K, committed 13376K, reserved 1048576K
}
Event: 111676.912 GC heap after
{Heap after GC invocations=27 (full 0):
 garbage-first heap   total 122880K, used 43291K [0x0000000606c00000, 0x0000000800000000)
  region size 4096K, 1 young (4096K), 1 survivors (4096K)
 Metaspace       used 99950K, committed 101056K, reserved 1179648K
  class space    used 12821K, committed 13376K, reserved 1048576K
}
Event: 130266.333 GC heap before
{Heap before GC invocations=28 (full 0):
 garbage-first heap   total 122880K, used 104731K [0x0000000606c00000, 0x0000000800000000)
  region size 4096K, 16 young (65536K), 1 survivors (4096K)
 Metaspace       used 100016K, committed 101120K, reserved 1179648K
  class space    used 12821K, committed 13376K, reserved 1048576K
}
Event: 130266.339 GC heap after
{Heap after GC invocations=29 (full 0):
 garbage-first heap   total 122880K, used 43321K [0x0000000606c00000, 0x0000000800000000)
  region size 4096K, 1 young (4096K), 1 survivors (4096K)
 Metaspace       used 100016K, committed 101120K, reserved 1179648K
  class space    used 12821K, committed 13376K, reserved 1048576K
}

